c:\tfs\rmiprod\zz_apprentice_team\_projects\marchese\grundlagen\leitfaden\andere\eigene\minigames\gameoflife\x64\debug\vc143.pdb
c:\tfs\rmiprod\zz_apprentice_team\_projects\marchese\grundlagen\leitfaden\andere\eigene\minigames\gameoflife\x64\debug\vc143.idb
c:\tfs\rmiprod\zz_apprentice_team\_projects\marchese\grundlagen\leitfaden\andere\eigene\minigames\gameoflife\x64\debug\cells.nativecodeanalysis.sarif
c:\tfs\rmiprod\zz_apprentice_team\_projects\marchese\grundlagen\leitfaden\andere\eigene\minigames\gameoflife\x64\debug\cells.nativecodeanalysis.xml
c:\tfs\rmiprod\zz_apprentice_team\_projects\marchese\grundlagen\leitfaden\andere\eigene\minigames\gameoflife\x64\debug\consoleutils.nativecodeanalysis.sarif
c:\tfs\rmiprod\zz_apprentice_team\_projects\marchese\grundlagen\leitfaden\andere\eigene\minigames\gameoflife\x64\debug\consoleutils.nativecodeanalysis.xml
c:\tfs\rmiprod\zz_apprentice_team\_projects\marchese\grundlagen\leitfaden\andere\eigene\minigames\gameoflife\x64\debug\displayrenderer.nativecodeanalysis.sarif
c:\tfs\rmiprod\zz_apprentice_team\_projects\marchese\grundlagen\leitfaden\andere\eigene\minigames\gameoflife\x64\debug\displayrenderer.nativecodeanalysis.xml
c:\tfs\rmiprod\zz_apprentice_team\_projects\marchese\grundlagen\leitfaden\andere\eigene\minigames\gameoflife\x64\debug\gridstate.nativecodeanalysis.sarif
c:\tfs\rmiprod\zz_apprentice_team\_projects\marchese\grundlagen\leitfaden\andere\eigene\minigames\gameoflife\x64\debug\gridstate.nativecodeanalysis.xml
c:\tfs\rmiprod\zz_apprentice_team\_projects\marchese\grundlagen\leitfaden\andere\eigene\minigames\gameoflife\x64\debug\init.nativecodeanalysis.sarif
c:\tfs\rmiprod\zz_apprentice_team\_projects\marchese\grundlagen\leitfaden\andere\eigene\minigames\gameoflife\x64\debug\init.nativecodeanalysis.xml
c:\tfs\rmiprod\zz_apprentice_team\_projects\marchese\grundlagen\leitfaden\andere\eigene\minigames\gameoflife\x64\debug\main.nativecodeanalysis.sarif
c:\tfs\rmiprod\zz_apprentice_team\_projects\marchese\grundlagen\leitfaden\andere\eigene\minigames\gameoflife\x64\debug\main.nativecodeanalysis.xml
c:\tfs\rmiprod\zz_apprentice_team\_projects\marchese\grundlagen\leitfaden\andere\eigene\minigames\gameoflife\x64\debug\main.obj
c:\tfs\rmiprod\zz_apprentice_team\_projects\marchese\grundlagen\leitfaden\andere\eigene\minigames\gameoflife\x64\debug\init.obj
c:\tfs\rmiprod\zz_apprentice_team\_projects\marchese\grundlagen\leitfaden\andere\eigene\minigames\gameoflife\x64\debug\gridstate.obj
c:\tfs\rmiprod\zz_apprentice_team\_projects\marchese\grundlagen\leitfaden\andere\eigene\minigames\gameoflife\x64\debug\displayrenderer.obj
c:\tfs\rmiprod\zz_apprentice_team\_projects\marchese\grundlagen\leitfaden\andere\eigene\minigames\gameoflife\x64\debug\consoleutils.obj
c:\tfs\rmiprod\zz_apprentice_team\_projects\marchese\grundlagen\leitfaden\andere\eigene\minigames\gameoflife\x64\debug\cells.obj
c:\tfs\rmiprod\zz_apprentice_team\_projects\marchese\grundlagen\leitfaden\andere\eigene\minigames\gameoflife\x64\debug\gridstate.h.ifc
c:\tfs\rmiprod\zz_apprentice_team\_projects\marchese\grundlagen\leitfaden\andere\eigene\minigames\gameoflife\x64\debug\gridstate.h.ifc.d.json
c:\tfs\rmiprod\zz_apprentice_team\_projects\marchese\grundlagen\leitfaden\andere\eigene\minigames\gameoflife\x64\debug\gridstate.h.ifcast
c:\tfs\rmiprod\zz_apprentice_team\_projects\marchese\grundlagen\leitfaden\andere\eigene\minigames\gameoflife\x64\debug\gridstate.h.nativecodeanalysis.sarif
c:\tfs\rmiprod\zz_apprentice_team\_projects\marchese\grundlagen\leitfaden\andere\eigene\minigames\gameoflife\x64\debug\gridstate.h.nativecodeanalysis.xml
c:\tfs\rmiprod\zz_apprentice_team\_projects\marchese\grundlagen\leitfaden\andere\eigene\minigames\gameoflife\x64\debug\gridstate.h.obj
c:\tfs\rmiprod\zz_apprentice_team\_projects\marchese\grundlagen\leitfaden\andere\eigene\minigames\gameoflife\x64\debug\enumicon.h.ifc
c:\tfs\rmiprod\zz_apprentice_team\_projects\marchese\grundlagen\leitfaden\andere\eigene\minigames\gameoflife\x64\debug\enumicon.h.ifc.d.json
c:\tfs\rmiprod\zz_apprentice_team\_projects\marchese\grundlagen\leitfaden\andere\eigene\minigames\gameoflife\x64\debug\enumicon.h.ifcast
c:\tfs\rmiprod\zz_apprentice_team\_projects\marchese\grundlagen\leitfaden\andere\eigene\minigames\gameoflife\x64\debug\enumicon.h.nativecodeanalysis.sarif
c:\tfs\rmiprod\zz_apprentice_team\_projects\marchese\grundlagen\leitfaden\andere\eigene\minigames\gameoflife\x64\debug\enumicon.h.nativecodeanalysis.xml
c:\tfs\rmiprod\zz_apprentice_team\_projects\marchese\grundlagen\leitfaden\andere\eigene\minigames\gameoflife\x64\debug\enumicon.h.obj
c:\tfs\rmiprod\zz_apprentice_team\_projects\marchese\grundlagen\leitfaden\andere\eigene\minigames\gameoflife\x64\debug\structposition.h.ifc
c:\tfs\rmiprod\zz_apprentice_team\_projects\marchese\grundlagen\leitfaden\andere\eigene\minigames\gameoflife\x64\debug\structposition.h.ifc.d.json
c:\tfs\rmiprod\zz_apprentice_team\_projects\marchese\grundlagen\leitfaden\andere\eigene\minigames\gameoflife\x64\debug\structposition.h.ifcast
c:\tfs\rmiprod\zz_apprentice_team\_projects\marchese\grundlagen\leitfaden\andere\eigene\minigames\gameoflife\x64\debug\structposition.h.nativecodeanalysis.sarif
c:\tfs\rmiprod\zz_apprentice_team\_projects\marchese\grundlagen\leitfaden\andere\eigene\minigames\gameoflife\x64\debug\structposition.h.nativecodeanalysis.xml
c:\tfs\rmiprod\zz_apprentice_team\_projects\marchese\grundlagen\leitfaden\andere\eigene\minigames\gameoflife\x64\debug\structposition.h.obj
c:\tfs\rmiprod\zz_apprentice_team\_projects\marchese\grundlagen\leitfaden\x64\debug\gameoflife.exe
c:\tfs\rmiprod\zz_apprentice_team\_projects\marchese\grundlagen\leitfaden\x64\debug\gameoflife.pdb
c:\tfs\rmiprod\zz_apprentice_team\_projects\marchese\grundlagen\leitfaden\andere\eigene\minigames\gameoflife\x64\debug\structposition.h.module.json
c:\tfs\rmiprod\zz_apprentice_team\_projects\marchese\grundlagen\leitfaden\andere\eigene\minigames\gameoflife\x64\debug\enumicon.h.module.json
c:\tfs\rmiprod\zz_apprentice_team\_projects\marchese\grundlagen\leitfaden\andere\eigene\minigames\gameoflife\x64\debug\gridstate.h.module.json
c:\tfs\rmiprod\zz_apprentice_team\_projects\marchese\grundlagen\leitfaden\andere\eigene\minigames\gameoflife\x64\debug\gameoflife.ilk
c:\tfs\rmiprod\zz_apprentice_team\_projects\marchese\grundlagen\leitfaden\andere\eigene\minigames\gameoflife\x64\debug\vc.nativecodeanalysis.all.xml
c:\tfs\rmiprod\zz_apprentice_team\_projects\marchese\grundlagen\leitfaden\andere\eigene\minigames\gameoflife\x64\debug\gameoflife.tlog\cl.command.1.tlog
c:\tfs\rmiprod\zz_apprentice_team\_projects\marchese\grundlagen\leitfaden\andere\eigene\minigames\gameoflife\x64\debug\gameoflife.tlog\cl.items.tlog
c:\tfs\rmiprod\zz_apprentice_team\_projects\marchese\grundlagen\leitfaden\andere\eigene\minigames\gameoflife\x64\debug\gameoflife.tlog\cl.read.1.tlog
c:\tfs\rmiprod\zz_apprentice_team\_projects\marchese\grundlagen\leitfaden\andere\eigene\minigames\gameoflife\x64\debug\gameoflife.tlog\cl.write.1.tlog
c:\tfs\rmiprod\zz_apprentice_team\_projects\marchese\grundlagen\leitfaden\andere\eigene\minigames\gameoflife\x64\debug\gameoflife.tlog\link.command.1.tlog
c:\tfs\rmiprod\zz_apprentice_team\_projects\marchese\grundlagen\leitfaden\andere\eigene\minigames\gameoflife\x64\debug\gameoflife.tlog\link.read.1.tlog
c:\tfs\rmiprod\zz_apprentice_team\_projects\marchese\grundlagen\leitfaden\andere\eigene\minigames\gameoflife\x64\debug\gameoflife.tlog\link.secondary.1.tlog
c:\tfs\rmiprod\zz_apprentice_team\_projects\marchese\grundlagen\leitfaden\andere\eigene\minigames\gameoflife\x64\debug\gameoflife.tlog\link.write.1.tlog
c:\tfs\rmiprod\zz_apprentice_team\_projects\marchese\grundlagen\leitfaden\andere\eigene\minigames\gameoflife\x64\debug\gameoflife_md.tlog\cl.command.1.tlog
c:\tfs\rmiprod\zz_apprentice_team\_projects\marchese\grundlagen\leitfaden\andere\eigene\minigames\gameoflife\x64\debug\gameoflife_md.tlog\microsoft.build.cpptasks.cl.read.1.tlog
c:\tfs\rmiprod\zz_apprentice_team\_projects\marchese\grundlagen\leitfaden\andere\eigene\minigames\gameoflife\x64\debug\gameoflife_md.tlog\microsoft.build.cpptasks.cl.write.1.tlog
